
map -a "MachXO2" -p LCMXO2-7000HC -t TQFP144 -s 4 -oc Commercial   "Uniboard_verilog_impl1.ngd" -o "Uniboard_verilog_impl1_map.ncd" -pr "Uniboard_verilog_impl1.prf" -mp "Uniboard_verilog_impl1.mrp" -lpf "/home/nick/Desktop/nickfolder/documents/projects/in-progress/project 5l - OSURC Rover 2016/electrical/uniboard/software/hdl-verilog/impl1/Uniboard_verilog_impl1.lpf" -lpf "/home/nick/Desktop/nickfolder/documents/projects/in-progress/project 5l - OSURC Rover 2016/electrical/uniboard/software/hdl-verilog/Uniboard_verilog.lpf" -c 0            
map:  version Diamond (64-bit) 3.4.1.213

Copyright (c) 1991-1994 by NeoCAD Inc. All rights reserved.
Copyright (c) 1995 AT&T Corp.   All rights reserved.
Copyright (c) 1995-2001 Lucent Technologies Inc.  All rights reserved.
Copyright (c) 2001 Agere Systems   All rights reserved.
Copyright (c) 2002-2014 Lattice Semiconductor Corporation,  All rights reserved.
   Process the file: Uniboard_verilog_impl1.ngd
   Picdevice="LCMXO2-7000HC"

   Pictype="TQFP144"

   Picspeed=4

   Remove unused logic

   Do not produce over sized NCDs.

Part used: LCMXO2-7000HCTQFP144, Performance used: 4.

Loading device for application map from file 'xo2c7000.nph' in environment: /usr/local/diamond/3.4_x64/ispfpga.
Package Status:                     Final          Version 1.39.

Running general design DRC...

Removing unused logic...

Optimizing...




Design Summary:
   Number of registers:   1671 out of  7209 (23%)
      PFU registers:         1656 out of  6864 (24%)
      PIO registers:           15 out of   345 (4%)
   Number of SLICEs:      1748 out of  3432 (51%)
      SLICEs as Logic/ROM:   1748 out of  3432 (51%)
      SLICEs as RAM:            0 out of  2574 (0%)
      SLICEs as Carry:        809 out of  3432 (24%)
   Number of LUT4s:        3355 out of  6864 (49%)
      Number of logic LUTs:      1737
      Number of distributed RAM:   0 (0 LUT4s)
      Number of ripple logic:    809 (1618 LUT4s)
      Number of shift registers:   0
   Number of PIO sites used: 68 + 4(JTAG) out of 115 (63%)
   Number of block RAMs:  0 out of 26 (0%)
   Number of GSRs:  0 out of 1 (0%)
   EFB used :       No
   JTAG used :      No
   Readback used :  No
   Oscillator used :  No
   Startup used :   No
   POR :            On
   Bandgap :        On
   Number of Power Controller:  0 out of 1 (0%)
   Number of Dynamic Bank Controller (BCINRD):  0 out of 6 (0%)
   Number of Dynamic Bank Controller (BCLVDSO):  0 out of 1 (0%)
   Number of DCCA:  0 out of 8 (0%)
   Number of DCMA:  0 out of 2 (0%)
   Number of PLLs:  0 out of 2 (0%)
   Number of DQSDLLs:  0 out of 2 (0%)
   Number of CLKDIVC:  0 out of 4 (0%)
   Number of ECLKSYNCA:  0 out of 4 (0%)
   Number of ECLKBRIDGECS:  0 out of 2 (0%)
   Notes:-
      1. Total number of LUT4s = (Number of logic LUT4s) + 2*(Number of distributed RAMs) + 2*(Number of ripple logic)
      2. Number of logic LUT4s does not include count of distributed RAM and ripple logic.
   Number of clocks:  4
     Net debug_c_c: 998 loads, 998 rising, 0 falling (Driver: PIO clk_12MHz )
     Net select[7]: 9 loads, 9 rising, 0 falling (Driver: protocol_interface/select__i7 )
     Net \motor_serial/sserial/sender/bclk: 8 loads, 8 rising, 0 falling (Driver: motor_serial/sserial/sender/baud_gen/clk_o_14 )
     Net \protocol_interface/uart_output/bclk: 9 loads, 9 rising, 0 falling (Driver: protocol_interface/uart_output/baud_gen/clk_o_14 )
   Number of Clock Enables:  77
     Net n9312: 17 loads, 17 LSLICEs
     Net n14372: 20 loads, 20 LSLICEs
     Net global_control/n28580: 1 loads, 1 LSLICEs
     Net n9297: 17 loads, 17 LSLICEs
     Net n33686: 35 loads, 29 LSLICEs
     Net n14116: 34 loads, 34 LSLICEs
     Net n7683: 1 loads, 1 LSLICEs
     Net n31908: 2 loads, 2 LSLICEs
     Net n31905: 16 loads, 16 LSLICEs
     Net n31902: 16 loads, 16 LSLICEs
     Net n31952: 32 loads, 32 LSLICEs
     Net n14519: 2 loads, 2 LSLICEs
     Net n22330: 1 loads, 1 LSLICEs
     Net n9139: 9 loads, 9 LSLICEs
     Net n13698: 8 loads, 8 LSLICEs
     Net n13693: 4 loads, 4 LSLICEs
     Net n110: 1 loads, 1 LSLICEs
     Net n13667: 4 loads, 4 LSLICEs
     Net n111: 1 loads, 1 LSLICEs
     Net n13642: 3 loads, 3 LSLICEs
     Net n14258: 2 loads, 2 LSLICEs
     Net n22326: 1 loads, 1 LSLICEs
     Net n31906: 5 loads, 5 LSLICEs
     Net n31904: 16 loads, 16 LSLICEs
     Net n13557: 1 loads, 1 LSLICEs
     Net n31903: 16 loads, 16 LSLICEs
     Net n30_adj_849: 8 loads, 8 LSLICEs
     Net n13797: 32 loads, 32 LSLICEs
     Net n33687: 27 loads, 27 LSLICEs
     Net n13779: 17 loads, 17 LSLICEs
     Net left_encoder/n14851: 16 loads, 16 LSLICEs
     Net n13735: 4 loads, 4 LSLICEs
     Net n27956: 1 loads, 1 LSLICEs
     Net n27759: 1 loads, 1 LSLICEs
     Net n14315: 4 loads, 4 LSLICEs
     Net rc_receiver/recv_ch4/n14349: 4 loads, 4 LSLICEs
     Net n27883: 1 loads, 1 LSLICEs
     Net n27758: 1 loads, 1 LSLICEs
     Net n14358: 4 loads, 4 LSLICEs
     Net n14369: 4 loads, 4 LSLICEs
     Net n27757: 1 loads, 1 LSLICEs
     Net n14374: 4 loads, 4 LSLICEs
     Net n27960: 1 loads, 1 LSLICEs
     Net motor_serial/n31916: 4 loads, 4 LSLICEs
     Net motor_serial/n31912: 4 loads, 4 LSLICEs
     Net motor_serial/n14675: 5 loads, 5 LSLICEs
     Net n31907: 8 loads, 8 LSLICEs
     Net motor_serial/sserial/sender/n31076: 1 loads, 1 LSLICEs
     Net motor_serial/sserial/sender/n9281: 4 loads, 4 LSLICEs
     Net n31996: 8 loads, 8 LSLICEs
     Net n13608: 6 loads, 6 LSLICEs
     Net n13700: 34 loads, 34 LSLICEs
     Net n14094: 1 loads, 1 LSLICEs
     Net n31953: 16 loads, 16 LSLICEs
     Net n22: 1 loads, 1 LSLICEs
     Net n2850: 34 loads, 34 LSLICEs
     Net n14661: 1 loads, 1 LSLICEs
     Net arm_a/n22: 1 loads, 1 LSLICEs
     Net n22_adj_585: 1 loads, 1 LSLICEs
     Net n24: 1 loads, 1 LSLICEs
     Net n13710: 6 loads, 6 LSLICEs
     Net n31910: 16 loads, 16 LSLICEs
     Net n13876: 34 loads, 34 LSLICEs
     Net n13708: 33 loads, 33 LSLICEs
     Net n13647: 3 loads, 3 LSLICEs
     Net n31915: 14 loads, 14 LSLICEs
     Net protocol_interface/n31971: 4 loads, 4 LSLICEs
     Net protocol_interface/n2800: 16 loads, 16 LSLICEs
     Net protocol_interface/n31960: 4 loads, 4 LSLICEs
     Net protocol_interface/n2798: 5 loads, 5 LSLICEs
     Net protocol_interface/n14791: 25 loads, 25 LSLICEs
     Net protocol_interface/n2219: 1 loads, 1 LSLICEs
     Net protocol_interface/n12818: 2 loads, 2 LSLICEs
     Net protocol_interface/uart_output/n9279: 4 loads, 4 LSLICEs
     Net protocol_interface/uart_output/n17: 1 loads, 1 LSLICEs
     Net protocol_interface/uart_output/n31891: 1 loads, 1 LSLICEs
     Net protocol_interface/uart_output/n14695: 2 loads, 2 LSLICEs
   Number of LSRs:  43
     Net n31991: 174 loads, 174 LSLICEs
     Net n9362: 2 loads, 2 LSLICEs
     Net global_control/n27548: 1 loads, 1 LSLICEs
     Net global_control/n16493: 1 loads, 1 LSLICEs
     Net n2863: 17 loads, 17 LSLICEs
     Net n32053: 18 loads, 18 LSLICEs
     Net n31950: 13 loads, 13 LSLICEs
     Net n31905: 17 loads, 17 LSLICEs
     Net n31902: 17 loads, 17 LSLICEs
     Net n16545: 16 loads, 16 LSLICEs
     Net n16744: 16 loads, 16 LSLICEs
     Net n31952: 32 loads, 32 LSLICEs
     Net n11981: 1 loads, 1 LSLICEs
     Net n11020: 1 loads, 1 LSLICEs
     Net n10962: 1 loads, 1 LSLICEs
     Net n11927: 1 loads, 1 LSLICEs
     Net n2954: 17 loads, 17 LSLICEs
     Net n2853: 17 loads, 17 LSLICEs
     Net n2816: 17 loads, 17 LSLICEs
     Net n16565: 16 loads, 16 LSLICEs
     Net n31904: 17 loads, 17 LSLICEs
     Net n16566: 16 loads, 16 LSLICEs
     Net n31903: 17 loads, 17 LSLICEs
     Net n31923: 17 loads, 17 LSLICEs
     Net rc_receiver/n31949: 8 loads, 8 LSLICEs
     Net rc_receiver/recv_ch8/n16775: 4 loads, 4 LSLICEs
     Net rc_receiver/recv_ch7/n16596: 4 loads, 4 LSLICEs
     Net rc_receiver/recv_ch4/n16629: 4 loads, 4 LSLICEs
     Net rc_receiver/recv_ch3/n16639: 4 loads, 4 LSLICEs
     Net rc_receiver/recv_ch2/n16650: 4 loads, 4 LSLICEs
     Net rc_receiver/recv_ch1/n16653: 4 loads, 4 LSLICEs
     Net n9366: 4 loads, 4 LSLICEs
     Net motor_serial/sserial/sender/baud_gen/n16541: 17 loads, 17 LSLICEs
     Net n27886: 1 loads, 1 LSLICEs
     Net n31921: 8 loads, 8 LSLICEs
     Net protocol_interface/n33689: 33 loads, 33 LSLICEs
     Net protocol_interface/n31936: 3 loads, 3 LSLICEs
     Net protocol_interface/n31966: 24 loads, 24 LSLICEs
     Net protocol_interface/n16499: 2 loads, 2 LSLICEs
     Net protocol_interface/n16497: 3 loads, 3 LSLICEs
     Net protocol_interface/uart_output/baud_gen/n16539: 17 loads, 17 LSLICEs
     Net protocol_interface/uart_input/baud_reset: 1 loads, 1 LSLICEs
     Net protocol_interface/uart_input/baud_gen/n2950: 17 loads, 17 LSLICEs
   Number of nets driven by tri-state buffers:  0
   Top 10 highest fanout non-clock nets:
     Net register_addr_0: 313 loads
     Net n31991: 203 loads
     Net register_addr_1: 193 loads
     Net rw: 80 loads
     Net n31952: 66 loads
     Net protocol_interface/n1496: 60 loads
     Net reset_count_14: 51 loads
     Net n22296: 46 loads
     Net protocol_interface/n1497: 44 loads
     Net protocol_interface/n1487: 40 loads
 

   Number of warnings:  0
   Number of errors:    0



Total CPU Time: 2 secs  
Total REAL Time: 2 secs  
Peak Memory Usage: 204 MB

Dumping design to file Uniboard_verilog_impl1_map.ncd.

ncd2vdb "Uniboard_verilog_impl1_map.ncd" ".vdbs/Uniboard_verilog_impl1_map.vdb"

Loading device for application ncd2vdb from file 'xo2c7000.nph' in environment: /usr/local/diamond/3.4_x64/ispfpga.

mpartrce -p "Uniboard_verilog_impl1.p2t" -f "Uniboard_verilog_impl1.p3t" -tf "Uniboard_verilog_impl1.pt" "Uniboard_verilog_impl1_map.ncd" "Uniboard_verilog_impl1.ncd"

---- MParTrce Tool ----
Removing old design directory at request of -rem command line option to this program.
Running par. Please wait . . .

Lattice Place and Route Report for Design "Uniboard_verilog_impl1_map.ncd"
Mon Apr 18 02:11:07 2016

PAR: Place And Route Diamond (64-bit) 3.4.1.213.
Command Line: par -w -l 5 -i 6 -t 1 -c 0 -e 0 -gui -msgset /home/nick/Desktop/nickfolder/documents/projects/in-progress/project 5l - OSURC Rover 2016/electrical/uniboard/software/hdl-verilog/promote.xml -exp parUseNBR=1:parCDP=0:parCDR=0:parPathBased=OFF Uniboard_verilog_impl1_map.ncd Uniboard_verilog_impl1.dir/5_1.ncd Uniboard_verilog_impl1.prf
Preference file: Uniboard_verilog_impl1.prf.
Placement level-cost: 5-1.
Routing Iterations: 6

Loading design for application par from file Uniboard_verilog_impl1_map.ncd.
Design name: UniboardTop
NCD version: 3.3
Vendor:      LATTICE
Device:      LCMXO2-7000HC
Package:     TQFP144
Performance: 4
Loading device for application par from file 'xo2c7000.nph' in environment: /usr/local/diamond/3.4_x64/ispfpga.
Package Status:                     Final          Version 1.39.
Performance Hardware Data Status:   Final          Version 30.4.
License checked out.


Ignore Preference Error(s):  True
Device utilization summary:

   PIO (prelim)   68+4(JTAG)/336     21% used
                  68+4(JTAG)/115     63% bonded
   IOLOGIC           15/336           4% used

   SLICE           1748/3432         50% used



Number of Signals: 5022
Number of Connections: 12847

Pin Constraint Summary:
   68 out of 68 pins locked (100% locked).

The following 1 signal is selected to use the primary clock routing resources:
    debug_c_c (driver: clk_12MHz, clk load #: 998)


The following 8 signals are selected to use the secondary clock routing resources:
    n31991 (driver: SLICE_1599, clk load #: 0, sr load #: 174, ce load #: 0)
    n31952 (driver: SLICE_1600, clk load #: 0, sr load #: 32, ce load #: 32)
    n33686 (driver: SLICE_1810, clk load #: 0, sr load #: 0, ce load #: 35)
    n14116 (driver: SLICE_1847, clk load #: 0, sr load #: 0, ce load #: 34)
    n13700 (driver: SLICE_1599, clk load #: 0, sr load #: 0, ce load #: 34)
    n2850 (driver: SLICE_1951, clk load #: 0, sr load #: 0, ce load #: 34)
    n13876 (driver: protocol_interface/SLICE_1953, clk load #: 0, sr load #: 0, ce load #: 34)
    n31905 (driver: SLICE_1814, clk load #: 0, sr load #: 17, ce load #: 16)

No signal is selected as Global Set/Reset.
Starting Placer Phase 0.
..........
Finished Placer Phase 0.  REAL time: 7 secs 

Starting Placer Phase 1.
.......................
Placer score = 850467.
Finished Placer Phase 1.  REAL time: 25 secs 

Starting Placer Phase 2.
.
Placer score =  836115
Finished Placer Phase 2.  REAL time: 26 secs 


------------------ Clock Report ------------------

Global Clock Resources:
  CLK_PIN    : 1 out of 8 (12%)
  PLL        : 0 out of 2 (0%)
  DCM        : 0 out of 2 (0%)
  DCC        : 0 out of 8 (0%)

Quadrants All (TL, TR, BL, BR) - Global Clocks:
  PRIMARY "debug_c_c" from comp "clk_12MHz" on CLK_PIN site "128 (PT18A)", clk load = 998
  SECONDARY "n31991" from F0 on comp "SLICE_1599" on site "R14C18C", clk load = 0, ce load = 0, sr load = 174
  SECONDARY "n31952" from F0 on comp "SLICE_1600" on site "R14C20A", clk load = 0, ce load = 32, sr load = 32
  SECONDARY "n33686" from F0 on comp "SLICE_1810" on site "R21C18C", clk load = 0, ce load = 35, sr load = 0
  SECONDARY "n14116" from F0 on comp "SLICE_1847" on site "R14C20C", clk load = 0, ce load = 34, sr load = 0
  SECONDARY "n13700" from F1 on comp "SLICE_1599" on site "R14C18C", clk load = 0, ce load = 34, sr load = 0
  SECONDARY "n2850" from F0 on comp "SLICE_1951" on site "R14C20D", clk load = 0, ce load = 34, sr load = 0
  SECONDARY "n13876" from F0 on comp "protocol_interface/SLICE_1953" on site "R14C20B", clk load = 0, ce load = 34, sr load = 0
  SECONDARY "n31905" from F0 on comp "SLICE_1814" on site "R21C20A", clk load = 0, ce load = 16, sr load = 17

  PRIMARY  : 1 out of 8 (12%)
  SECONDARY: 8 out of 8 (100%)

Edge Clocks:
  No edge clock selected.

--------------- End of Clock Report ---------------


I/O Usage Summary (final):
   68 + 4(JTAG) out of 336 (21.4%) PIO sites used.
   68 + 4(JTAG) out of 115 (62.6%) bonded PIO sites used.
   Number of PIO comps: 68; differential: 0.
   Number of Vref pins used: 0.

I/O Bank Usage Summary:
+----------+----------------+------------+-----------+
| I/O Bank | Usage          | Bank Vccio | Bank Vref |
+----------+----------------+------------+-----------+
| 0        | 14 / 28 ( 50%) | 2.5V       | -         |
| 1        | 26 / 29 ( 89%) | 2.5V       | -         |
| 2        | 25 / 29 ( 86%) | 2.5V       | -         |
| 3        | 0 / 9 (  0%)   | -          | -         |
| 4        | 0 / 10 (  0%)  | -          | -         |
| 5        | 3 / 10 ( 30%)  | 2.5V       | -         |
+----------+----------------+------------+-----------+

Total placer CPU time: 25 secs 

Dumping design to file Uniboard_verilog_impl1.dir/5_1.ncd.

0 connections routed; 12847 unrouted.
Starting router resource preassignment

    <postMsg mid="66011008" type="Warning" dynamic="1" navigation="0" arg0="&#xA;   Signal=select[7] loads=12 clock_loads=9&#xA;   Signal=\motor_serial/sserial/sender/bclk loads=8 clock_loads=8&#xA;   Signal=\protocol_interface/uart_output/bclk loads=9 clock_loads=9"  />

Completed router resource preassignment. Real time: 30 secs 

Start NBR router at Mon Apr 18 02:11:37 PDT 2016

*****************************************************************
Info: NBR allows conflicts(one node used by more than one signal)
      in the earlier iterations. In each iteration, it tries to  
      solve the conflicts while keeping the critical connections 
      routed as short as possible. The routing process is said to
      be completed when no conflicts exist and all connections   
      are routed.                                                
Note: NBR uses a different method to calculate timing slacks. The
      worst slack and total negative slack may not be the same as
      that in TRCE report. You should always run TRCE to verify  
      your design. Thanks.                                       
*****************************************************************

Start NBR special constraint process at Mon Apr 18 02:11:38 PDT 2016

Start NBR section for initial routing at Mon Apr 18 02:11:38 PDT 2016
Level 4, iteration 1
481(0.13%) conflicts; 0(0.00%) untouched conn; 0 (nbr) score; 
Estimated worst slack/total negative slack<setup>: 61.057ns/0.000ns; real time: 33 secs 

Info: Initial congestion level at 75% usage is 0
Info: Initial congestion area  at 75% usage is 0 (0.00%)

Start NBR section for normal routing at Mon Apr 18 02:11:40 PDT 2016
Level 4, iteration 1
196(0.05%) conflicts; 0(0.00%) untouched conn; 0 (nbr) score; 
Estimated worst slack/total negative slack<setup>: 61.248ns/0.000ns; real time: 34 secs 
Level 4, iteration 2
78(0.02%) conflicts; 0(0.00%) untouched conn; 0 (nbr) score; 
Estimated worst slack/total negative slack<setup>: 61.246ns/0.000ns; real time: 35 secs 
Level 4, iteration 3
25(0.01%) conflicts; 0(0.00%) untouched conn; 0 (nbr) score; 
Estimated worst slack/total negative slack<setup>: 60.579ns/0.000ns; real time: 35 secs 
Level 4, iteration 4
5(0.00%) conflicts; 0(0.00%) untouched conn; 0 (nbr) score; 
Estimated worst slack/total negative slack<setup>: 60.579ns/0.000ns; real time: 35 secs 
Level 4, iteration 5
2(0.00%) conflicts; 0(0.00%) untouched conn; 0 (nbr) score; 
Estimated worst slack/total negative slack<setup>: 60.579ns/0.000ns; real time: 35 secs 
Level 4, iteration 6
0(0.00%) conflict; 0(0.00%) untouched conn; 0 (nbr) score; 
Estimated worst slack/total negative slack<setup>: 60.579ns/0.000ns; real time: 35 secs 

Start NBR section for setup/hold timing optimization with effort level 3 at Mon Apr 18 02:11:42 PDT 2016
    <postMsg mid="62001131" type="Warning" dynamic="9" navigation="0" arg0="-0.585" arg1="0" arg2="1" arg3="1" arg4="rc_receiver/i23320/SLICE_1519" arg5="OFX0" arg6="rc_receiver/SLICE_1224" arg7="FXA" arg8="rc_receiver/n31030"  />
    <postMsg mid="62001131" type="Warning" dynamic="9" navigation="0" arg0="-0.513" arg1="0" arg2="1" arg3="1" arg4="rc_receiver/SLICE_1224" arg5="OFX0" arg6="rc_receiver/SLICE_1224" arg7="FXB" arg8="rc_receiver/n31027"  />
    <postMsg mid="62001131" type="Warning" dynamic="9" navigation="0" arg0="-0.585" arg1="0" arg2="1" arg3="1" arg4="rc_receiver/SLICE_1224" arg5="OFX1" arg6="rc_receiver/SLICE_1224" arg7="DI1" arg8="rc_receiver/n31031"  />
    <postMsg mid="62001131" type="Warning" dynamic="9" navigation="0" arg0="-0.354" arg1="0" arg2="1" arg3="1" arg4="rc_receiver/SLICE_1222" arg5="OFX1" arg6="rc_receiver/SLICE_1222" arg7="DI1" arg8="rc_receiver/n31846"  />
    <postMsg mid="62001131" type="Warning" dynamic="9" navigation="0" arg0="-0.585" arg1="0" arg2="1" arg3="1" arg4="rc_receiver/SLICE_1223" arg5="OFX1" arg6="rc_receiver/SLICE_1223" arg7="DI1" arg8="rc_receiver/n31591"  />
    <postMsg mid="62001131" type="Warning" dynamic="9" navigation="0" arg0="-0.351" arg1="0" arg2="1" arg3="1" arg4="rc_receiver/SLICE_1225" arg5="OFX1" arg6="rc_receiver/SLICE_1225" arg7="DI1" arg8="rc_receiver/n31758"  />
    <postMsg mid="62001131" type="Warning" dynamic="9" navigation="0" arg0="-0.470" arg1="0" arg2="1" arg3="1" arg4="rc_receiver/SLICE_1226" arg5="OFX1" arg6="rc_receiver/SLICE_1226" arg7="DI1" arg8="rc_receiver/n31009"  />
    <postMsg mid="62001131" type="Warning" dynamic="9" navigation="0" arg0="-0.456" arg1="0" arg2="1" arg3="1" arg4="rc_receiver/SLICE_1228" arg5="OFX1" arg6="rc_receiver/SLICE_1228" arg7="DI1" arg8="rc_receiver/n31672"  />
    <postMsg mid="62001131" type="Warning" dynamic="9" navigation="0" arg0="-0.456" arg1="0" arg2="1" arg3="1" arg4="rc_receiver/SLICE_1229" arg5="OFX1" arg6="rc_receiver/SLICE_1229" arg7="DI1" arg8="rc_receiver/n31530"  />
    <postMsg mid="62001131" type="Warning" dynamic="9" navigation="0" arg0="-0.157" arg1="0" arg2="1" arg3="1" arg4="rc_receiver/i23646/SLICE_1520" arg5="OFX0" arg6="rc_receiver/SLICE_1222" arg7="FXA" arg8="rc_receiver/n31845"  />
    <postMsg mid="62001131" type="Warning" dynamic="9" navigation="0" arg0="-0.354" arg1="0" arg2="1" arg3="1" arg4="rc_receiver/SLICE_1222" arg5="OFX0" arg6="rc_receiver/SLICE_1222" arg7="FXB" arg8="rc_receiver/n31842"  />
    <postMsg mid="62001131" type="Warning" dynamic="9" navigation="0" arg0="-0.099" arg1="0" arg2="1" arg3="1" arg4="rc_receiver/i23633/SLICE_1521" arg5="OFX0" arg6="rc_receiver/SLICE_1227" arg7="FXA" arg8="rc_receiver/n31826"  />
    <postMsg mid="62001131" type="Warning" dynamic="9" navigation="0" arg0="-0.289" arg1="0" arg2="1" arg3="1" arg4="rc_receiver/SLICE_1227" arg5="OFX0" arg6="rc_receiver/SLICE_1227" arg7="FXB" arg8="rc_receiver/n31823"  />
    <postMsg mid="62001131" type="Warning" dynamic="9" navigation="0" arg0="-0.289" arg1="0" arg2="1" arg3="1" arg4="rc_receiver/SLICE_1227" arg5="OFX1" arg6="rc_receiver/SLICE_1227" arg7="DI1" arg8="rc_receiver/n31827"  />
    <postMsg mid="62001131" type="Warning" dynamic="9" navigation="0" arg0="-0.188" arg1="0" arg2="1" arg3="1" arg4="rc_receiver/i23587/SLICE_1522" arg5="OFX0" arg6="rc_receiver/SLICE_1225" arg7="FXA" arg8="rc_receiver/n31757"  />
    <postMsg mid="62001131" type="Warning" dynamic="9" navigation="0" arg0="-0.351" arg1="0" arg2="1" arg3="1" arg4="rc_receiver/SLICE_1225" arg5="OFX0" arg6="rc_receiver/SLICE_1225" arg7="FXB" arg8="rc_receiver/n31754"  />
    <postMsg mid="62001131" type="Warning" dynamic="9" navigation="0" arg0="-0.456" arg1="0" arg2="1" arg3="1" arg4="rc_receiver/i23567/SLICE_1523" arg5="OFX0" arg6="rc_receiver/SLICE_1228" arg7="FXA" arg8="rc_receiver/n31671"  />
    <postMsg mid="62001131" type="Warning" dynamic="9" navigation="0" arg0="-0.370" arg1="0" arg2="1" arg3="1" arg4="rc_receiver/SLICE_1228" arg5="OFX0" arg6="rc_receiver/SLICE_1228" arg7="FXB" arg8="rc_receiver/n31668"  />
    <postMsg mid="62001131" type="Warning" dynamic="9" navigation="0" arg0="-0.480" arg1="0" arg2="1" arg3="1" arg4="rc_receiver/i23525/SLICE_1524" arg5="OFX0" arg6="rc_receiver/SLICE_1223" arg7="FXA" arg8="rc_receiver/n31590"  />
    <postMsg mid="62001131" type="Warning" dynamic="9" navigation="0" arg0="-0.585" arg1="0" arg2="1" arg3="1" arg4="rc_receiver/SLICE_1223" arg5="OFX0" arg6="rc_receiver/SLICE_1223" arg7="FXB" arg8="rc_receiver/n31587"  />
    <postMsg mid="62001131" type="Warning" dynamic="9" navigation="0" arg0="-0.330" arg1="0" arg2="1" arg3="1" arg4="rc_receiver/i23307/SLICE_1525" arg5="OFX0" arg6="rc_receiver/SLICE_1226" arg7="FXA" arg8="rc_receiver/n31008"  />
    <postMsg mid="62001131" type="Warning" dynamic="9" navigation="0" arg0="-0.691" arg1="0" arg2="1" arg3="1" arg4="motor_serial/sserial/sender/SLICE_1102" arg5="OFX0" arg6="motor_serial/sserial/sender/SLICE_1102" arg7="DI0" arg8="motor_serial/sserial/sender/n31079"  />
. . .
----------------------------------
Info: Total 27 connections where the hold timing errors associated cannot be fixed.

Level 4, iteration 0
Level 4, iteration 1
3(0.00%) conflicts; 6(0.05%) untouched conns; 0 (nbr) score; 
Estimated worst slack/total negative slack<hold >: 0.004ns/0.000ns; real time: 43 secs 
Level 4, iteration 2
0(0.00%) conflict; 7(0.05%) untouched conns; 0 (nbr) score; 
Estimated worst slack/total negative slack<hold >: 0.004ns/0.000ns; real time: 43 secs 
Level 4, iteration 0
0(0.00%) conflict; 7(0.05%) untouched conns; 0 (nbr) score; 
Estimated worst slack/total negative slack<setup>: 60.559ns/0.000ns; real time: 44 secs 
Level 4, iteration 1
0(0.00%) conflict; 0(0.00%) untouched conn; 0 (nbr) score; 
Estimated worst slack/total negative slack<setup>: 60.559ns/0.000ns; real time: 44 secs 

Start NBR section for re-routing at Mon Apr 18 02:11:52 PDT 2016
Level 4, iteration 1
0(0.00%) conflict; 0(0.00%) untouched conn; 0 (nbr) score; 
Estimated worst slack/total negative slack<setup>: 60.579ns/0.000ns; real time: 45 secs 

Start NBR section for post-routing at Mon Apr 18 02:11:52 PDT 2016

End NBR router with 0 unrouted connection

NBR Summary
-----------
  Number of unrouted connections : 0 (0.00%)
  Number of connections with timing violations : 0 (0.00%)
  Estimated worst slack<setup> : 60.579ns
  Timing score<setup> : 0
-----------
Notes: The timing info is calculated for SETUP only and all PAR_ADJs are ignored.



    <postMsg mid="66011008" type="Warning" dynamic="1" navigation="0" arg0="&#xA;   Signal=select[7] loads=12 clock_loads=9&#xA;   Signal=\motor_serial/sserial/sender/bclk loads=8 clock_loads=8&#xA;   Signal=\protocol_interface/uart_output/bclk loads=9 clock_loads=9"  />

Total CPU time 47 secs 
Total REAL time: 48 secs 
Completely routed.
End of route.  12847 routed (100.00%); 0 unrouted.
Checking DRC ... 
No errors found.

Hold time timing score: 0, hold timing errors: 0

Timing score: 0 

Dumping design to file Uniboard_verilog_impl1.dir/5_1.ncd.


PAR_SUMMARY::Run status = completed
PAR_SUMMARY::Number of unrouted conns = 0
PAR_SUMMARY::Worst  slack<setup/<ns>> = 60.579
PAR_SUMMARY::Timing score<setup/<ns>> = 0.000
PAR_SUMMARY::Worst  slack<hold /<ns>> = 0.009
PAR_SUMMARY::Timing score<hold /<ns>> = 0.000
PAR_SUMMARY::Number of errors = 0

Total CPU  time to completion: 48 secs 
Total REAL time to completion: 49 secs 

par done!

Copyright (c) 1991-1994 by NeoCAD Inc. All rights reserved.
Copyright (c) 1995 AT&T Corp.   All rights reserved.
Copyright (c) 1995-2001 Lucent Technologies Inc.  All rights reserved.
Copyright (c) 2001 Agere Systems   All rights reserved.
Copyright (c) 2002-2014 Lattice Semiconductor Corporation,  All rights reserved.
Exiting par with exit code 0
Exiting mpartrce with exit code 0

bitgen -f "Uniboard_verilog_impl1.t2b" -w "Uniboard_verilog_impl1.ncd" -jedec "Uniboard_verilog_impl1.prf"


BITGEN: Bitstream Generator Diamond (64-bit) 3.4.1.213
Copyright (c) 1991-1994 by NeoCAD Inc. All rights reserved.
Copyright (c) 1995 AT&T Corp.   All rights reserved.
Copyright (c) 1995-2001 Lucent Technologies Inc.  All rights reserved.
Copyright (c) 2001 Agere Systems   All rights reserved.
Copyright (c) 2002-2014 Lattice Semiconductor Corporation,  All rights reserved.


Loading design for application Bitgen from file Uniboard_verilog_impl1.ncd.
Design name: UniboardTop
NCD version: 3.3
Vendor:      LATTICE
Device:      LCMXO2-7000HC
Package:     TQFP144
Performance: 4
Loading device for application Bitgen from file 'xo2c7000.nph' in environment: /usr/local/diamond/3.4_x64/ispfpga.
Package Status:                     Final          Version 1.39.
Performance Hardware Data Status:   Final          Version 30.4.

Running DRC.
DRC detected 0 errors and 0 warnings.
Reading Preference File from Uniboard_verilog_impl1.prf.

Preference Summary:
+---------------------------------+---------------------------------+
|  Preference                     |  Current Setting                |
+---------------------------------+---------------------------------+
|                         RamCfg  |                        Reset**  |
+---------------------------------+---------------------------------+
|                     MCCLK_FREQ  |                         2.08**  |
+---------------------------------+---------------------------------+
|                  CONFIG_SECURE  |                          OFF**  |
+---------------------------------+---------------------------------+
|                      JTAG_PORT  |                       ENABLE**  |
+---------------------------------+---------------------------------+
|                       SDM_PORT  |                      DISABLE**  |
+---------------------------------+---------------------------------+
|                 SLAVE_SPI_PORT  |                      DISABLE**  |
+---------------------------------+---------------------------------+
|                MASTER_SPI_PORT  |                      DISABLE**  |
+---------------------------------+---------------------------------+
|                       I2C_PORT  |                      DISABLE**  |
+---------------------------------+---------------------------------+
|        MUX_CONFIGURATION_PORTS  |                      DISABLE**  |
+---------------------------------+---------------------------------+
|                  CONFIGURATION  |                          CFG**  |
+---------------------------------+---------------------------------+
|                COMPRESS_CONFIG  |                           ON**  |
+---------------------------------+---------------------------------+
|                        MY_ASSP  |                          OFF**  |
+---------------------------------+---------------------------------+
|               ONE_TIME_PROGRAM  |                          OFF**  |
+---------------------------------+---------------------------------+
|                 ENABLE_TRANSFR  |                      DISABLE**  |
+---------------------------------+---------------------------------+
|                  SHAREDEBRINIT  |                      DISABLE**  |
+---------------------------------+---------------------------------+
 *  Default setting.
 ** The specified setting matches the default setting.


Creating bit map...
 
Bitstream Status: Final           Version 1.86.
 
Saving bit stream in "Uniboard_verilog_impl1.jed".
 
===========
UFM Summary.
===========
UFM Size:        2046 Pages (128*2046 Bits).
UFM Utilization: General Purpose Flash Memory.
 
Available General Purpose Flash Memory: 2046 Pages (Page 0 to Page 2045).
Initialized UFM Pages:                     0 Page.
 
