Results of NGD DRC are available in UniboardTop_drc.log.
Loading NGL library '/usr/local/diamond/3.4_x64/ispfpga/xo2c00a/data/xo2alib.ngl'...
Loading NGL library '/usr/local/diamond/3.4_x64/ispfpga/xo2c00/data/xo2clib.ngl'...
Loading NGL library '/usr/local/diamond/3.4_x64/ispfpga/mg5g00/data/mg5glib.ngl'...
Loading NGL library '/usr/local/diamond/3.4_x64/ispfpga/or5g00/data/orc5glib.ngl'...


Running DRC...

WARNING - synthesis: logical net 'encoder_ra' has no load.
WARNING - synthesis: input pad net 'encoder_ra' has no legal load.
WARNING - synthesis: logical net 'encoder_rb' has no load.
WARNING - synthesis: input pad net 'encoder_rb' has no legal load.
WARNING - synthesis: logical net 'encoder_ri' has no load.
WARNING - synthesis: input pad net 'encoder_ri' has no legal load.
WARNING - synthesis: logical net 'encoder_la' has no load.
WARNING - synthesis: input pad net 'encoder_la' has no legal load.
WARNING - synthesis: logical net 'encoder_lb' has no load.
WARNING - synthesis: input pad net 'encoder_lb' has no legal load.
WARNING - synthesis: logical net 'encoder_li' has no load.
WARNING - synthesis: input pad net 'encoder_li' has no legal load.
WARNING - synthesis: DRC complete with 12 warnings.

Design Results:
   3714 blocks expanded
completed the first expansion
All blocks are expanded and NGD expansion is successful.
Writing NGD file Uniboard_verilog_impl1.ngd.
